<?xml version="1.0" encoding="UTF-8"?>
<!-- Generated by org.testng.reporters.JUnitReportReporter -->
<testsuite hostname="LIN66007531" failures="0" tests="1" name="Test.LoginTest" time="21.328" errors="0" timestamp="2023-01-24T09:53:50 IST" skipped="0">
  <testcase classname="Test.LoginTest" name="Login" time="21.328"/>
  <system-out/>
</testsuite> <!-- Test.LoginTest -->
